[2J[3J[1;1Hâ•”â•Instance Statusâ•â•â•â•â•â•â•â•â•â•â•â•â•â•â•â•â•â•â•â•â•â•â•â•â•â•â•â•â•â•â•â•â•â•â•â•â•â•â•â•â•â•â•â•â•â•â•â•â•â•â•â•â•â•â•â•â•â•â•â•â•â•â•—
â•‘ [38;5;6m  ____    _  _     _   _   _____   _   _   _____ [0m  [1mTask:[0m Polling Queue       â•‘
â•‘ [38;5;6m |  _ \  | || |   | \ | | |_   _| | | | | |___ / [0m  [1mUser:[0m None                â•‘
â•‘ [38;5;6m | |_) | | || |_  |  \| |   | |   | |_| |   |_ \ [0m  [1mGame:[0m None                â•‘
â•‘ [38;5;6m |  __/  |__   _| | |\  |   | |   |  _  |  ___) |[0m  [1mHealth:[0m [38;5;2mHEALTHY | E:0 R:0[0m â•‘
â•‘ [38;5;6m |_|        |_|   |_| \_|   |_|   |_| |_| |____/ [0m                            â•‘
â•‘ [38;5;6m                                                 [0m                            â•‘
â•‘ [38;5;6m   ___    _   _ [0m                                                             â•‘
â•‘ [38;5;6m  / _ \  | \ | |[0m                                                             â•‘
â•‘ [38;5;6m | | | | |  \| |[0m                                                             â•‘
â•‘ [38;5;6m | |_| | | |\  |[0m                                                             â•‘
â•‘ [38;5;6m  \___/  |_| \_|[0m                                                             â•‘
â•‘ [38;5;6m                [0m                                                             â•‘
â•šâ•â•â•â•â•â•â•â•â•â•â•â•â•â•â•â•â•â•â•â•â•â•â•â•â•â•â•â•â•â•â•â•â•â•â•â•â•â•â•â•â•â•â•â•â•â•â•â•â•â•â•â•â•â•â•â•â•â•â•â•â•â•â•â•â•â•â•â•â•â•â•â•â•â•â•â•â•â•â•
â”Œâ”€Event Logâ”€â”€â”€â”€â”€â”€â”€â”€â”€â”€â”€â”€â”€â”€â”€â”€â”€â”€â”€â”€â”€â”€â”€â”€â”€â”€â”€â”€â”€â”€â”€â”€â”€â”€â”€â”€â”€â”€â”€â”€â”€â”€â”€â”€â”€â”€â”€â”€â”€â”€â”€â”€â”€â”€â”€â”€â”€â”€â”€â”€â”€â”€â”€â”€â”€â”€â”€â”€â”
â”‚ â•­â”€â”€â”€â”€â”€â”€â”€â”€â”€â”€â”¬â”€â”€â”€â”€â”€â”€â”€â”€â”€â”€â”€â”€â”€â”€â”€â”€â”€â”€â”€â”€â”€â”€â”€â”€â”€â”€â”€â”€â”€â”€â”€â”€â”€â”€â”€â”€â”€â”€â”€â”€â”€â”€â”€â”€â”€â”€â”€â”€â”€â”€â”€â”€â”€â”€â”€â”€â”€â”€â”€â”€â”€â”€â”€â•® â”‚
â”‚ â”‚ Time     â”‚ Message                                                       â”‚ â”‚
â”‚ â”œâ”€â”€â”€â”€â”€â”€â”€â”€â”€â”€â”¼â”€â”€â”€â”€â”€â”€â”€â”€â”€â”€â”€â”€â”€â”€â”€â”€â”€â”€â”€â”€â”€â”€â”€â”€â”€â”€â”€â”€â”€â”€â”€â”€â”€â”€â”€â”€â”€â”€â”€â”€â”€â”€â”€â”€â”€â”€â”€â”€â”€â”€â”€â”€â”€â”€â”€â”€â”€â”€â”€â”€â”€â”€â”€â”¤ â”‚
â”‚ â”‚ [38;5;8m05:35:47[0m â”‚ [38;5;12mH0UND                      .d8888b.           .d8888b.[0m        â”‚ â”‚
â”‚ â”‚          â”‚ [38;5;12m.d8888b.           .d8888b.  [0m                                 â”‚ â”‚
â”‚ â”‚          â”‚ [38;5;12m                    d88P  Y88b         d88P  Y88b         [0m    â”‚ â”‚
â”‚ â”‚          â”‚ [38;5;12md88P  Y88b         d88P  Y88b [0m                                â”‚ â”‚
â”‚ â”‚          â”‚ [38;5;12m                    888    888         Y88b. d88P         888[0m â”‚ â”‚
â”‚ â”‚          â”‚ [38;5;12m.d88P [0m                                                        â”‚ â”‚
â”‚ â”‚          â”‚ [38;5;12m888  888            888    888          "Y88888"          [0m    â”‚ â”‚
â”‚ â”‚          â”‚ [38;5;12m888d888b.              8888"  [0m                                â”‚ â”‚
â”‚ â”‚          â”‚ [38;5;12m888  888            888    888         .d8P""Y8b.         [0m    â”‚ â”‚
â”‚ â”‚          â”‚ [38;5;12m888P "Y88b              "Y8b. [0m                                â”‚ â”‚
â”‚ â”‚          â”‚ [38;5;12mY88  88P            888    888         888    888         888[0m â”‚ â”‚
â”‚ â”‚          â”‚ [38;5;12m888         888    888 [0m                                       â”‚ â”‚
â”‚ â”‚          â”‚ [38;5;12m Y8bd8P             Y88b  d88P   d8b   Y88b  d88P   d8b   [0m    â”‚ â”‚
â”‚ â”‚          â”‚ [38;5;12mY88b  d88P   d8b   Y88b  d88P [0m                                â”‚ â”‚
â”‚ â”‚          â”‚ [38;5;12m  Y88P               "Y8888P"    Y8P    "Y8888P"    Y8P    [0m   â”‚ â”‚
â”‚ â”‚          â”‚ [38;5;12m"Y8888P"    Y8P    "Y8888P"  [0m                                 â”‚ â”‚
â”‚ â”‚          â”‚ [38;5;12m                                                             [0m   â”‚
â”‚ â•°â”€â”€â”€â”€â”€â”€â”€â”€â”€â”€â”´â”€â”€â”€â”€â”€â”€â”€â”€â”€â”€â”€â”€â”€â”€â”€â”€â”€â”€â”€â”€â”€â”€â”€â”€â”€â”€â”€â”€â”€â”€â”€â”€â”€â”€â”€â”€â”€â”€â”€â”€â”€â”€â”€â”€â”€â”€â”€â”€â”€â”€â”€â”€â”€â”€â”€â”€â”€â”€â”€â”€â”€â”€â”€â•¯ â”‚
â””â”€â”€â”€â”€â”€â”€â”€â”€â”€â”€â”€â”€â”€â”€â”€â”€â”€â”€â”€â”€â”€â”€â”€â”€â”€â”€â”€â”€â”€â”€â”€â”€â”€â”€â”€â”€â”€â”€â”€â”€â”€â”€â”€â”€â”€â”€â”€â”€â”€â”€â”€â”€â”€â”€â”€â”€â”€â”€â”€â”€â”€â”€â”€â”€â”€â”€â”€â”€â”€â”€â”€â”€â”€â”€â”€â”€â”€â”€â”˜
[38;5;8mPress Ctrl+C to exit[0m
[2J[3J[1;1Hâ•”â•Instance Statusâ•â•â•â•â•â•â•â•â•â•â•â•â•â•â•â•â•â•â•â•â•â•â•â•â•â•â•â•â•â•â•â•â•â•â•â•â•â•â•â•â•â•â•â•â•â•â•â•â•â•â•â•â•â•â•â•â•â•â•â•â•â•â•—
â•‘ [38;5;6m  ____    _  _     _   _   _____   _   _   _____ [0m  [1mTask:[0m Error - Waiting     â•‘
â•‘ [38;5;6m |  _ \  | || |   | \ | | |_   _| | | | | |___ / [0m  [1mUser:[0m None                â•‘
â•‘ [38;5;6m | |_) | | || |_  |  \| |   | |   | |_| |   |_ \ [0m  [1mGame:[0m None                â•‘
â•‘ [38;5;6m |  __/  |__   _| | |\  |   | |   |  _  |  ___) |[0m  [1mHealth:[0m [38;5;2mHEALTHY | E:0 R:0[0m â•‘
â•‘ [38;5;6m |_|        |_|   |_| \_|   |_|   |_| |_| |____/ [0m                            â•‘
â•‘ [38;5;6m                                                 [0m                            â•‘
â•‘ [38;5;6m   ___    _   _ [0m                                                             â•‘
â•‘ [38;5;6m  / _ \  | \ | |[0m                                                             â•‘
â•‘ [38;5;6m | | | | |  \| |[0m                                                             â•‘
â•‘ [38;5;6m | |_| | | |\  |[0m                                                             â•‘
â•‘ [38;5;6m  \___/  |_| \_|[0m                                                             â•‘
â•‘ [38;5;6m                [0m                                                             â•‘
â•šâ•â•â•â•â•â•â•â•â•â•â•â•â•â•â•â•â•â•â•â•â•â•â•â•â•â•â•â•â•â•â•â•â•â•â•â•â•â•â•â•â•â•â•â•â•â•â•â•â•â•â•â•â•â•â•â•â•â•â•â•â•â•â•â•â•â•â•â•â•â•â•â•â•â•â•â•â•â•â•
â”Œâ”€Event Logâ”€â”€â”€â”€â”€â”€â”€â”€â”€â”€â”€â”€â”€â”€â”€â”€â”€â”€â”€â”€â”€â”€â”€â”€â”€â”€â”€â”€â”€â”€â”€â”€â”€â”€â”€â”€â”€â”€â”€â”€â”€â”€â”€â”€â”€â”€â”€â”€â”€â”€â”€â”€â”€â”€â”€â”€â”€â”€â”€â”€â”€â”€â”€â”€â”€â”€â”€â”€â”
â”‚ â•­â”€â”€â”€â”€â”€â”€â”€â”€â”€â”€â”¬â”€â”€â”€â”€â”€â”€â”€â”€â”€â”€â”€â”€â”€â”€â”€â”€â”€â”€â”€â”€â”€â”€â”€â”€â”€â”€â”€â”€â”€â”€â”€â”€â”€â”€â”€â”€â”€â”€â”€â”€â”€â”€â”€â”€â”€â”€â”€â”€â”€â”€â”€â”€â”€â”€â”€â”€â”€â”€â”€â”€â”€â”€â”€â•® â”‚
â”‚ â”‚ Time     â”‚ Message                                                       â”‚ â”‚
â”‚ â”œâ”€â”€â”€â”€â”€â”€â”€â”€â”€â”€â”¼â”€â”€â”€â”€â”€â”€â”€â”€â”€â”€â”€â”€â”€â”€â”€â”€â”€â”€â”€â”€â”€â”€â”€â”€â”€â”€â”€â”€â”€â”€â”€â”€â”€â”€â”€â”€â”€â”€â”€â”€â”€â”€â”€â”€â”€â”€â”€â”€â”€â”€â”€â”€â”€â”€â”€â”€â”€â”€â”€â”€â”€â”€â”€â”¤ â”‚
â”‚ â”‚ [38;5;8m05:35:47[0m â”‚ [38;5;9mAn error occurred while deserializing the Updated property of[0m â”‚ â”‚
â”‚ â”‚          â”‚ [38;5;9mclass P4NTH30N.C0MMON.Credential: Cannot deserialize a [0m       â”‚ â”‚
â”‚ â”‚          â”‚ [38;5;9m'Boolean' from BsonType 'DateTime'.[0m                           â”‚ â”‚
â”‚ â”‚ [38;5;8m05:35:47[0m â”‚ [38;5;12mH0UND                      .d8888b.           .d8888b.[0m        â”‚ â”‚
â”‚ â”‚          â”‚ [38;5;12m.d8888b.           .d8888b.  [0m                                 â”‚ â”‚
â”‚ â”‚          â”‚ [38;5;12m                    d88P  Y88b         d88P  Y88b         [0m    â”‚ â”‚
â”‚ â”‚          â”‚ [38;5;12md88P  Y88b         d88P  Y88b [0m                                â”‚ â”‚
â”‚ â”‚          â”‚ [38;5;12m                    888    888         Y88b. d88P         888[0m â”‚ â”‚
â”‚ â”‚          â”‚ [38;5;12m.d88P [0m                                                        â”‚ â”‚
â”‚ â”‚          â”‚ [38;5;12m888  888            888    888          "Y88888"          [0m    â”‚ â”‚
â”‚ â”‚          â”‚ [38;5;12m888d888b.              8888"  [0m                                â”‚ â”‚
â”‚ â”‚          â”‚ [38;5;12m888  888            888    888         .d8P""Y8b.         [0m    â”‚ â”‚
â”‚ â”‚          â”‚ [38;5;12m888P "Y88b              "Y8b. [0m                                â”‚ â”‚
â”‚ â”‚          â”‚ [38;5;12mY88  88P            888    888         888    888         888[0m â”‚ â”‚
â”‚ â”‚          â”‚ [38;5;12m888         888    888 [0m                                       â”‚ â”‚
â”‚ â”‚          â”‚ [38;5;12m Y8bd8P             Y88b  d88P   d8b   Y88b  d88P   d8b   [0m    â”‚ â”‚
â”‚ â”‚          â”‚ [38;5;12mY88b  d88P   d8b   Y88b  d88P [0m                                â”‚ â”‚
â”‚ â”‚          â”‚ [38;5;12m  Y88P               "Y8888P"    Y8P    "Y8888P"    Y8P    [0m   â”‚ â”‚
â”‚ â”‚          â”‚ [38;5;12m"Y8888P"    Y8P    "Y8888P"  [0m                                 â”‚ â”‚
â”‚ â”‚          â”‚ [38;5;12m                                                             [0m   â”‚
â”‚ â•°â”€â”€â”€â”€â”€â”€â”€â”€â”€â”€â”´â”€â”€â”€â”€â”€â”€â”€â”€â”€â”€â”€â”€â”€â”€â”€â”€â”€â”€â”€â”€â”€â”€â”€â”€â”€â”€â”€â”€â”€â”€â”€â”€â”€â”€â”€â”€â”€â”€â”€â”€â”€â”€â”€â”€â”€â”€â”€â”€â”€â”€â”€â”€â”€â”€â”€â”€â”€â”€â”€â”€â”€â”€â”€â•¯ â”‚
â””â”€â”€â”€â”€â”€â”€â”€â”€â”€â”€â”€â”€â”€â”€â”€â”€â”€â”€â”€â”€â”€â”€â”€â”€â”€â”€â”€â”€â”€â”€â”€â”€â”€â”€â”€â”€â”€â”€â”€â”€â”€â”€â”€â”€â”€â”€â”€â”€â”€â”€â”€â”€â”€â”€â”€â”€â”€â”€â”€â”€â”€â”€â”€â”€â”€â”€â”€â”€â”€â”€â”€â”€â”€â”€â”€â”€â”€â”€â”˜
[38;5;8mPress Ctrl+C to exit[0m
